2024-10-23 16:43:06,343 [Worker-6: Loading available Gradle versions] INFO  o.e.b.c.i.u.g.PublishedGradleVersions - Gradle version information cache is up-to-date. Trying to read.
2024-10-23 17:00:24,055 [Worker-12: Building] INFO  o.e.m.c.i.l.LifecycleMappingFactory - Using org.eclipse.m2e.jdt.JarLifecycleMapping lifecycle mapping for MavenProject: ACL:ACL-GROUP:0.0.1-SNAPSHOT @ C:\Users\hiday\OneDrive\Documents\GitHub\ACL-2024--Mrarqua-\Programme\hero v0.1\ACL-GROUP\pom.xml.
2024-10-23 17:00:25,879 [Worker-12: Building] WARN  o.a.m.s.f.DefaultMavenResourcesFiltering - Using platform encoding (UTF-8 actually) to copy filtered resources, i.e. build is platform dependent!
2024-10-23 17:00:25,881 [Worker-12: Building] INFO  o.a.m.s.f.DefaultMavenResourcesFiltering - skip non existing resourceDirectory C:\Users\hiday\OneDrive\Documents\GitHub\ACL-2024--Mrarqua-\Programme\hero v0.1\ACL-GROUP\src\main\resources
2024-10-23 17:00:25,893 [Worker-12: Building] WARN  o.a.m.s.f.DefaultMavenResourcesFiltering - Using platform encoding (UTF-8 actually) to copy filtered resources, i.e. build is platform dependent!
2024-10-23 17:00:25,895 [Worker-12: Building] INFO  o.a.m.s.f.DefaultMavenResourcesFiltering - skip non existing resourceDirectory C:\Users\hiday\OneDrive\Documents\GitHub\ACL-2024--Mrarqua-\Programme\hero v0.1\ACL-GROUP\src\test\resources
2024-10-23 17:00:26,622 [Worker-41: Updating Maven Dependencies] INFO  o.e.m.c.i.l.LifecycleMappingFactory - Using org.eclipse.m2e.jdt.JarLifecycleMapping lifecycle mapping for MavenProject: ACL:ACL-GROUP:0.0.1-SNAPSHOT @ C:\Users\hiday\OneDrive\Documents\GitHub\ACL-2024--Mrarqua-\Programme\hero v0.1\ACL-GROUP\pom.xml.
2024-10-23 17:02:56,064 [Worker-30: Loading available Gradle versions] INFO  o.e.b.c.i.u.g.PublishedGradleVersions - Gradle version information cache is up-to-date. Trying to read.
2024-10-23 17:06:36,823 [Worker-32: Building] INFO  o.e.m.c.i.l.LifecycleMappingFactory - Using org.eclipse.m2e.jdt.JarLifecycleMapping lifecycle mapping for MavenProject: ACL:ACL-GROUP:0.0.1-SNAPSHOT @ C:\Users\hiday\OneDrive\Documents\GitHub\ACL-2024--Mrarqua-\Programme\hero v0.1\ACL-GROUP\pom.xml.
2024-10-23 17:06:38,439 [Worker-32: Building] WARN  o.a.m.s.f.DefaultMavenResourcesFiltering - Using platform encoding (UTF-8 actually) to copy filtered resources, i.e. build is platform dependent!
2024-10-23 17:06:38,443 [Worker-32: Building] INFO  o.a.m.s.f.DefaultMavenResourcesFiltering - skip non existing resourceDirectory C:\Users\hiday\OneDrive\Documents\GitHub\ACL-2024--Mrarqua-\Programme\hero v0.1\ACL-GROUP\src\main\resources
2024-10-23 17:06:38,454 [Worker-32: Building] WARN  o.a.m.s.f.DefaultMavenResourcesFiltering - Using platform encoding (UTF-8 actually) to copy filtered resources, i.e. build is platform dependent!
2024-10-23 17:06:38,455 [Worker-32: Building] INFO  o.a.m.s.f.DefaultMavenResourcesFiltering - skip non existing resourceDirectory C:\Users\hiday\OneDrive\Documents\GitHub\ACL-2024--Mrarqua-\Programme\hero v0.1\ACL-GROUP\src\test\resources
2024-10-23 17:06:38,998 [Worker-4: Updating Maven Dependencies] INFO  o.e.m.c.i.l.LifecycleMappingFactory - Using org.eclipse.m2e.jdt.JarLifecycleMapping lifecycle mapping for MavenProject: ACL:ACL-GROUP:0.0.1-SNAPSHOT @ C:\Users\hiday\OneDrive\Documents\GitHub\ACL-2024--Mrarqua-\Programme\hero v0.1\ACL-GROUP\pom.xml.
2024-10-23 17:07:42,495 [Worker-4: Update Maven projects configuration] INFO  o.e.m.c.i.p.ProjectConfigurationManager - Update started
2024-10-23 17:07:42,632 [Worker-4: Update Maven projects configuration] INFO  o.e.m.c.i.l.LifecycleMappingFactory - Using org.eclipse.m2e.jdt.JarLifecycleMapping lifecycle mapping for MavenProject: ACL1:ACL2:0.0.1-SNAPSHOT @ C:\Users\hiday\OneDrive\Documents\GitHub\ACL-2024--Mrarqua-\Sprints\SPRINT1\hero\ACL2\ACL2\target\classes\META-INF\maven\ACL1\ACL2\pom.xml.
2024-10-23 17:07:44,119 [Worker-39: Building] WARN  o.a.m.s.f.DefaultMavenResourcesFiltering - Using platform encoding (UTF-8 actually) to copy filtered resources, i.e. build is platform dependent!
2024-10-23 17:07:44,121 [Worker-39: Building] INFO  o.a.m.s.f.DefaultMavenResourcesFiltering - skip non existing resourceDirectory C:\Users\hiday\OneDrive\Documents\GitHub\ACL-2024--Mrarqua-\Sprints\SPRINT1\hero\ACL2\ACL2\target\classes\META-INF\maven\ACL1\ACL2\src\main\resources
2024-10-23 17:07:44,129 [Worker-39: Building] WARN  o.a.m.s.f.DefaultMavenResourcesFiltering - Using platform encoding (UTF-8 actually) to copy filtered resources, i.e. build is platform dependent!
2024-10-23 17:07:44,131 [Worker-39: Building] INFO  o.a.m.s.f.DefaultMavenResourcesFiltering - skip non existing resourceDirectory C:\Users\hiday\OneDrive\Documents\GitHub\ACL-2024--Mrarqua-\Sprints\SPRINT1\hero\ACL2\ACL2\target\classes\META-INF\maven\ACL1\ACL2\src\test\resources
2024-10-23 17:07:44,964 [Worker-4: Update Maven projects configuration] INFO  o.e.m.j.i.AbstractJavaProjectConfigurator - Adding source folder /ACL2/src/main/java
2024-10-23 17:07:44,986 [Worker-4: Update Maven projects configuration] INFO  o.e.m.j.i.AbstractJavaProjectConfigurator - Adding resource folder /ACL2/src/main/resources
2024-10-23 17:07:44,988 [Worker-4: Update Maven projects configuration] INFO  o.e.m.j.i.AbstractJavaProjectConfigurator - Adding source folder /ACL2/src/test/java
2024-10-23 17:07:44,992 [Worker-4: Update Maven projects configuration] INFO  o.e.m.j.i.AbstractJavaProjectConfigurator - Adding resource folder /ACL2/src/test/resources
2024-10-23 17:07:45,172 [Worker-4: Update Maven projects configuration] INFO  o.e.m.c.i.p.ProjectConfigurationManager - Update completed for 1 poms: local refresh takes 0,00 sec, refresh facades takes 1,00 sec, update config takes 1,00 sec 
2024-10-23 17:07:46,006 [Worker-36: Building] WARN  o.a.m.s.f.DefaultMavenResourcesFiltering - Using platform encoding (UTF-8 actually) to copy filtered resources, i.e. build is platform dependent!
2024-10-23 17:07:46,007 [Worker-36: Building] INFO  o.a.m.s.f.DefaultMavenResourcesFiltering - skip non existing resourceDirectory C:\Users\hiday\OneDrive\Documents\GitHub\ACL-2024--Mrarqua-\Sprints\SPRINT1\hero\ACL2\ACL2\target\classes\META-INF\maven\ACL1\ACL2\src\main\resources
2024-10-23 17:07:46,011 [Worker-36: Building] WARN  o.a.m.s.f.DefaultMavenResourcesFiltering - Using platform encoding (UTF-8 actually) to copy filtered resources, i.e. build is platform dependent!
2024-10-23 17:07:46,013 [Worker-36: Building] INFO  o.a.m.s.f.DefaultMavenResourcesFiltering - skip non existing resourceDirectory C:\Users\hiday\OneDrive\Documents\GitHub\ACL-2024--Mrarqua-\Sprints\SPRINT1\hero\ACL2\ACL2\target\classes\META-INF\maven\ACL1\ACL2\src\test\resources
